app/build/intermediates/manifest_merge_blame_file/debug/manifest-merger-blame-debug-report.txt
1<?xml version="1.0" encoding="utf-8"?>
2<manifest xmlns:android="http://schemas.android.com/apk/res/android"
3    package="com.example.SchoolBusLocationTracking"
4    android:versionCode="1"
5    android:versionName="1.0" >
6
7    <uses-sdk
8        android:minSdkVersion="16"
8-->src\main\AndroidManifest.xml
9        android:targetSdkVersion="29" />
9-->src\main\AndroidManifest.xml
10    <!--
11         The ACCESS_COARSE/FINE_LOCATION permissions are not required to use
12         Google Maps Android API v2, but you must specify either coarse or fine
13         location permissions for the 'MyLocation' functionality.
14    -->
15    <uses-permission android:name="android.permission.ACCESS_FINE_LOCATION" />
15-->src\main\AndroidManifest.xml:10:5-79
15-->src\main\AndroidManifest.xml:10:22-76
16    <uses-permission android:name="android.permission.INTERNET" />
16-->src\main\AndroidManifest.xml:11:5-67
16-->src\main\AndroidManifest.xml:11:22-64
17    <uses-permission android:name="android.permission.ACCESS_NETWORK_STATE" />
17-->src\main\AndroidManifest.xml:12:5-79
17-->src\main\AndroidManifest.xml:12:22-76
18    <uses-permission android:name="android.permission.ACCESS_COARSE_LOCATION" />
18-->src\main\AndroidManifest.xml:13:5-81
18-->src\main\AndroidManifest.xml:13:22-78
19    <uses-permission android:name="android.permission.ACCESS_WIFI_STATE" />
19-->src\main\AndroidManifest.xml:14:5-76
19-->src\main\AndroidManifest.xml:14:22-73
20
21    <uses-feature
21-->[com.google.android.gms:play-services-maps:17.0.0] AndroidManifest.xml:26:5-28:35
22        android:glEsVersion="0x00020000"
22-->[com.google.android.gms:play-services-maps:17.0.0] AndroidManifest.xml:27:9-41
23        android:required="true" />
23-->[com.google.android.gms:play-services-maps:17.0.0] AndroidManifest.xml:28:9-32
24
25    <application
25-->src\main\AndroidManifest.xml:16:5-76:19
26        android:allowBackup="true"
26-->src\main\AndroidManifest.xml:17:9-35
27        android:appComponentFactory="androidx.core.app.CoreComponentFactory"
27-->[androidx.core:core:1.1.0] AndroidManifest.xml:24:18-86
28        android:debuggable="true"
29        android:fullBackupContent="true"
29-->src\main\AndroidManifest.xml:18:9-41
30        android:icon="@mipmap/school"
30-->src\main\AndroidManifest.xml:19:9-38
31        android:label="@string/school_Bus"
31-->src\main\AndroidManifest.xml:20:9-43
32        android:roundIcon="@mipmap/ic_launcher_round"
32-->src\main\AndroidManifest.xml:21:9-54
33        android:supportsRtl="true"
33-->src\main\AndroidManifest.xml:22:9-35
34        android:theme="@style/AppTheme" >
34-->src\main\AndroidManifest.xml:23:9-40
35        <activity android:name="com.example.SchoolBusLocationTracking.Stop" />
35-->src\main\AndroidManifest.xml:26:9-51
35-->src\main\AndroidManifest.xml:26:19-39
36        <activity android:name="com.example.SchoolBusLocationTracking.BusRoute" />
36-->src\main\AndroidManifest.xml:27:9-46
36-->src\main\AndroidManifest.xml:27:19-43
37        <activity android:name="com.example.SchoolBusLocationTracking.TripActivity" />
37-->src\main\AndroidManifest.xml:28:9-50
37-->src\main\AndroidManifest.xml:28:19-47
38        <activity android:name="com.example.SchoolBusLocationTracking.MessageActivity" />
38-->src\main\AndroidManifest.xml:29:9-53
38-->src\main\AndroidManifest.xml:29:19-50
39        <activity android:name="com.example.SchoolBusLocationTracking.ProActivity" />
39-->src\main\AndroidManifest.xml:30:9-49
39-->src\main\AndroidManifest.xml:30:19-46
40        <!--
41             The API key for Google Maps-based APIs is defined as a string resource.
42             (See the file "res/values/google_maps_api.xml").
43             Note that the API key is linked to the encryption key used to sign the APK.
44             You need a different API key for each encryption key, including the release key that is used to
45             sign the APK for publishing.
46             You can define the keys for the debug and release targets in src/debug/ and src/release/.
47        -->
48        <meta-data
48-->src\main\AndroidManifest.xml:39:9-41:55
49            android:name="com.google.android.geo.API_KEY"
49-->src\main\AndroidManifest.xml:40:13-58
50            android:value="@string/google_maps_key" />
50-->src\main\AndroidManifest.xml:41:13-52
51
52        <activity
52-->src\main\AndroidManifest.xml:43:9-49:20
53            android:name="com.example.SchoolBusLocationTracking.MapsActivity"
53-->src\main\AndroidManifest.xml:44:13-41
54            android:label="@string/title_activity_maps" >
54-->src\main\AndroidManifest.xml:45:13-56
55            <meta-data
55-->src\main\AndroidManifest.xml:46:13-48:86
56                android:name="android.support.PARENT_ACTIVITY"
56-->src\main\AndroidManifest.xml:47:17-63
57                android:value="com.example.SchoolBusLocationTracking.MainActivity" />
57-->src\main\AndroidManifest.xml:48:17-83
58        </activity>
59        <activity android:name="com.example.SchoolBusLocationTracking.MainActivity" >
59-->src\main\AndroidManifest.xml:50:9-71:20
59-->src\main\AndroidManifest.xml:50:19-47
60            <intent-filter android:label="@string/school_Bus" >
60-->src\main\AndroidManifest.xml:51:13-70:29
60-->src\main\AndroidManifest.xml:51:28-62
61                <action android:name="android.intent.action.VIEW" />
61-->src\main\AndroidManifest.xml:52:17-69
61-->src\main\AndroidManifest.xml:52:25-66
62
63                <category android:name="android.intent.category.DEFAULT" />
63-->src\main\AndroidManifest.xml:54:17-76
63-->src\main\AndroidManifest.xml:54:27-73
64                <category android:name="android.intent.category.BROWSABLE" />
64-->src\main\AndroidManifest.xml:55:17-78
64-->src\main\AndroidManifest.xml:55:27-75
65
66                <data
66-->src\main\AndroidManifest.xml:57:17-60:46
67                    android:host="www.example.com"
67-->src\main\AndroidManifest.xml:58:21-51
68                    android:pathPrefix="/School Bus Location Tracking"
68-->src\main\AndroidManifest.xml:59:21-71
69                    android:scheme="https" />
69-->src\main\AndroidManifest.xml:60:21-43
70                <!-- note that the leading "/" is required for pathPrefix -->
71                <!-- Accepts URIs that begin with "example://gizmos” -->
72                <data
72-->src\main\AndroidManifest.xml:57:17-60:46
73                    android:host="/school bus location tracking"
73-->src\main\AndroidManifest.xml:58:21-51
74                    android:scheme="example" />
74-->src\main\AndroidManifest.xml:60:21-43
75
76                <action android:name="android.intent.action.MAIN" />
76-->src\main\AndroidManifest.xml:67:17-69
76-->src\main\AndroidManifest.xml:67:25-66
77
78                <category android:name="android.intent.category.LAUNCHER" />
78-->src\main\AndroidManifest.xml:69:17-77
78-->src\main\AndroidManifest.xml:69:27-74
79            </intent-filter>
80        </activity>
81        <activity android:name="com.example.SchoolBusLocationTracking.LoginActivity" />
81-->src\main\AndroidManifest.xml:72:9-51
81-->src\main\AndroidManifest.xml:72:19-48
82        <activity android:name="com.example.SchoolBusLocationTracking.RegistrationActivity" />
82-->src\main\AndroidManifest.xml:73:9-58
82-->src\main\AndroidManifest.xml:73:19-55
83        <activity android:name="com.example.SchoolBusLocationTracking.DashboardActivity" />
83-->src\main\AndroidManifest.xml:74:9-55
83-->src\main\AndroidManifest.xml:74:19-52
84        <activity android:name="com.example.android.mymapapp1.MapsActivity" />
84-->src\main\AndroidManifest.xml:75:9-79
84-->src\main\AndroidManifest.xml:75:19-76
85
86        <service
86-->[com.google.firebase:firebase-database:19.2.0] AndroidManifest.xml:29:9-35:19
87            android:name="com.google.firebase.components.ComponentDiscoveryService"
87-->[com.google.firebase:firebase-database:19.2.0] AndroidManifest.xml:30:13-84
88            android:directBootAware="true"
88-->[com.google.firebase:firebase-common:19.3.0] AndroidManifest.xml:34:13-43
89            android:exported="false" >
89-->[com.google.firebase:firebase-database:19.2.0] AndroidManifest.xml:31:13-37
90            <meta-data
90-->[com.google.firebase:firebase-database:19.2.0] AndroidManifest.xml:32:13-34:85
91                android:name="com.google.firebase.components:com.google.firebase.database.DatabaseRegistrar"
91-->[com.google.firebase:firebase-database:19.2.0] AndroidManifest.xml:33:17-109
92                android:value="com.google.firebase.components.ComponentRegistrar" />
92-->[com.google.firebase:firebase-database:19.2.0] AndroidManifest.xml:34:17-82
93            <meta-data
93-->[com.google.firebase:firebase-auth:19.2.0] AndroidManifest.xml:36:13-38:85
94                android:name="com.google.firebase.components:com.google.firebase.auth.FirebaseAuthRegistrar"
94-->[com.google.firebase:firebase-auth:19.2.0] AndroidManifest.xml:37:17-109
95                android:value="com.google.firebase.components.ComponentRegistrar" />
95-->[com.google.firebase:firebase-auth:19.2.0] AndroidManifest.xml:38:17-82
96        </service>
97
98        <activity
98-->[com.google.firebase:firebase-auth:19.2.0] AndroidManifest.xml:24:9-31:50
99            android:name="com.google.firebase.auth.internal.FederatedSignInActivity"
99-->[com.google.firebase:firebase-auth:19.2.0] AndroidManifest.xml:25:13-85
100            android:excludeFromRecents="true"
100-->[com.google.firebase:firebase-auth:19.2.0] AndroidManifest.xml:26:13-46
101            android:exported="true"
101-->[com.google.firebase:firebase-auth:19.2.0] AndroidManifest.xml:27:13-36
102            android:launchMode="singleTask"
102-->[com.google.firebase:firebase-auth:19.2.0] AndroidManifest.xml:28:13-44
103            android:permission="com.google.firebase.auth.api.gms.permission.LAUNCH_FEDERATED_SIGN_IN"
103-->[com.google.firebase:firebase-auth:19.2.0] AndroidManifest.xml:29:13-102
104            android:theme="@android:style/Theme.Translucent.NoTitleBar" /> <!-- Needs to be explicitly declared on P+ -->
104-->[com.google.firebase:firebase-auth:19.2.0] AndroidManifest.xml:30:13-72
105        <uses-library
105-->[com.google.android.gms:play-services-maps:17.0.0] AndroidManifest.xml:33:9-35:40
106            android:name="org.apache.http.legacy"
106-->[com.google.android.gms:play-services-maps:17.0.0] AndroidManifest.xml:34:13-50
107            android:required="false" />
107-->[com.google.android.gms:play-services-maps:17.0.0] AndroidManifest.xml:35:13-37
108
109        <activity
109-->[com.google.android.gms:play-services-base:17.1.0] AndroidManifest.xml:23:9-26:75
110            android:name="com.google.android.gms.common.api.GoogleApiActivity"
110-->[com.google.android.gms:play-services-base:17.1.0] AndroidManifest.xml:24:13-79
111            android:exported="false"
111-->[com.google.android.gms:play-services-base:17.1.0] AndroidManifest.xml:25:13-37
112            android:theme="@android:style/Theme.Translucent.NoTitleBar" />
112-->[com.google.android.gms:play-services-base:17.1.0] AndroidManifest.xml:26:13-72
113
114        <provider
114-->[com.google.firebase:firebase-common:19.3.0] AndroidManifest.xml:26:9-30:39
115            android:name="com.google.firebase.provider.FirebaseInitProvider"
115-->[com.google.firebase:firebase-common:19.3.0] AndroidManifest.xml:27:13-77
116            android:authorities="com.example.SchoolBusLocationTracking.firebaseinitprovider"
116-->[com.google.firebase:firebase-common:19.3.0] AndroidManifest.xml:28:13-72
117            android:exported="false"
117-->[com.google.firebase:firebase-common:19.3.0] AndroidManifest.xml:29:13-37
118            android:initOrder="100" />
118-->[com.google.firebase:firebase-common:19.3.0] AndroidManifest.xml:30:13-36
119
120        <meta-data
120-->[com.google.android.gms:play-services-basement:17.0.0] AndroidManifest.xml:23:9-25:69
121            android:name="com.google.android.gms.version"
121-->[com.google.android.gms:play-services-basement:17.0.0] AndroidManifest.xml:24:13-58
122            android:value="@integer/google_play_services_version" />
122-->[com.google.android.gms:play-services-basement:17.0.0] AndroidManifest.xml:25:13-66
123    </application>
124
125</manifest>